  AiController.cpp
  CrazyTanks.cpp
  EnemyTank.cpp
  Game.cpp
  GameObject.cpp
  Gold.cpp
  PlayerController.cpp
  PlayerTank.cpp
  Projectile.cpp
  SecureWall.cpp
  Tank.cpp
  World.cpp
c:\users\foxtrot\documents\crazytanks2\crazytanks\world.cpp(37): warning C4018: <: несоответствие типов со знаком и без знака
c:\users\foxtrot\documents\crazytanks2\crazytanks\world.cpp(48): warning C4018: <: несоответствие типов со знаком и без знака
c:\users\foxtrot\documents\crazytanks2\crazytanks\world.cpp(61): warning C4018: <: несоответствие типов со знаком и без знака
c:\users\foxtrot\documents\crazytanks2\crazytanks\world.cpp(77): warning C4018: <: несоответствие типов со знаком и без знака
c:\users\foxtrot\documents\crazytanks2\crazytanks\world.cpp(97): warning C4018: <: несоответствие типов со знаком и без знака
c:\users\foxtrot\documents\crazytanks2\crazytanks\world.cpp(146): warning C4018: <: несоответствие типов со знаком и без знака
c:\users\foxtrot\documents\crazytanks2\crazytanks\world.cpp(150): warning C4018: <: несоответствие типов со знаком и без знака
  WorldTanks.cpp
  main.cpp
  Создание кода
  102 of 377 functions (27.1%) were compiled, the rest were copied from previous compilation.
    62 functions were new in current compilation
    13 functions had inline decision re-evaluated but remain unchanged
  Создание кода завершено
  CrazyTanks.vcxproj -> C:\Users\FOXTROT\Documents\CrazyTanks2\Release\CrazyTanks.exe
